#
# There is insufficient memory for the Java Runtime Environment to continue.
# Native memory allocation (malloc) failed to allocate 1048576 bytes for AllocateHeap
# Possible reasons:
#   The system is out of physical RAM or swap space
#   In 32 bit mode, the process size limit was hit
# Possible solutions:
#   Reduce memory load on the system
#   Increase physical memory or swap space
#   Check if swap backing store is full
#   Use 64 bit Java on a 64 bit OS
#   Decrease Java heap size (-Xmx/-Xms)
#   Decrease number of Java threads
#   Decrease Java thread stack sizes (-Xss)
#   Set larger code cache with -XX:ReservedCodeCacheSize=
# This output file may be truncated or incomplete.
#
#  Out of Memory Error (memory/allocation.inline.hpp:61), pid=35224, tid=0x0000000000007574
#
# JRE version:  (8.0_92-b14) (build )
# Java VM: Java HotSpot(TM) 64-Bit Server VM (25.92-b14 mixed mode windows-amd64 compressed oops)
# Failed to write core dump. Minidumps are not enabled by default on client versions of Windows
#

---------------  T H R E A D  ---------------

Current thread (0x0000000002612800):  JavaThread "Unknown thread" [_thread_in_vm, id=30068, stack(0x0000000002510000,0x0000000002610000)]

Stack: [0x0000000002510000,0x0000000002610000]
[error occurred during error reporting (printing stack bounds), id 0xc0000005]

Native frames: (J=compiled Java code, j=interpreted, Vv=VM code, C=native code)


---------------  P R O C E S S  ---------------

Java Threads: ( => current thread )

Other Threads:

=>0x0000000002612800 (exited) JavaThread "Unknown thread" [_thread_in_vm, id=30068, stack(0x0000000002510000,0x0000000002610000)]

VM state:not at safepoint (normal execution)

VM Mutex/Monitor currently owned by a thread: None

Heap:
 PSYoungGen      total 114688K, used 1966K [0x00000000eab00000, 0x00000000f2b00000, 0x0000000100000000)
  eden space 98304K, 2% used [0x00000000eab00000,0x00000000eaceb860,0x00000000f0b00000)
  from space 16384K, 0% used [0x00000000f1b00000,0x00000000f1b00000,0x00000000f2b00000)
  to   space 16384K, 0% used [0x00000000f0b00000,0x00000000f0b00000,0x00000000f1b00000)
 ParOldGen       total 262144K, used 0K [0x00000000c0000000, 0x00000000d0000000, 0x00000000eab00000)
  object space 262144K, 0% used [0x00000000c0000000,0x00000000c0000000,0x00000000d0000000)
 Metaspace       used 769K, capacity 4480K, committed 4480K, reserved 1056768K
  class space    used 75K, capacity 384K, committed 384K, reserved 1048576K

Card table byte_map: [0x0000000011ad0000,0x0000000011ce0000] byte_map_base: 0x00000000114d0000

Marking Bits: (ParMarkBitMap*) 0x0000000075b464f0
 Begin Bits: [0x0000000012240000, 0x0000000013240000)
 End Bits:   [0x0000000013240000, 0x0000000014240000)

Polling page: 0x0000000002310000

CodeCache: size=245760Kb used=328Kb max_used=328Kb free=245431Kb
 bounds [0x0000000002710000, 0x0000000002980000, 0x0000000011710000]
 total_blobs=58 nmethods=0 adapters=38
 compilation: enabled

Compilation events (0 events):
No events

GC Heap History (0 events):
No events

Deoptimization events (0 events):
No events

Internal exceptions (0 events):
No events

Events (10 events):
Event: 0.027 loading class java/lang/Short
Event: 0.027 loading class java/lang/Short done
Event: 0.027 loading class java/lang/Integer
Event: 0.027 loading class java/lang/Integer done
Event: 0.027 loading class java/lang/Long
Event: 0.027 loading class java/lang/Long done
Event: 0.028 loading class java/lang/NullPointerException
Event: 0.028 loading class java/lang/NullPointerException done
Event: 0.028 loading class java/lang/ArithmeticException
Event: 0.028 loading class java/lang/ArithmeticException done


Dynamic libraries:
0x00007ff666400000 - 0x00007ff666437000 	C:\Program Files\Java\jdk1.8.0_92\bin\java.exe
0x00007ffe60f20000 - 0x00007ffe610fb000 	C:\WINDOWS\SYSTEM32\ntdll.dll
0x00007ffe5e660000 - 0x00007ffe5e70e000 	C:\WINDOWS\System32\KERNEL32.DLL
0x00007ffe5d480000 - 0x00007ffe5d6c9000 	C:\WINDOWS\System32\KERNELBASE.dll
0x00007ffe5b7e0000 - 0x00007ffe5b85e000 	C:\WINDOWS\SYSTEM32\apphelp.dll
0x00007ffe5e710000 - 0x00007ffe5e7b1000 	C:\WINDOWS\System32\ADVAPI32.dll
0x00007ffe5e860000 - 0x00007ffe5e8fd000 	C:\WINDOWS\System32\msvcrt.dll
0x00007ffe5e600000 - 0x00007ffe5e659000 	C:\WINDOWS\System32\sechost.dll
0x00007ffe5e970000 - 0x00007ffe5ea95000 	C:\WINDOWS\System32\RPCRT4.dll
0x00007ffe60a70000 - 0x00007ffe60bba000 	C:\WINDOWS\System32\USER32.dll
0x00007ffe5dfd0000 - 0x00007ffe5dfee000 	C:\WINDOWS\System32\win32u.dll
0x00007ffe5ec20000 - 0x00007ffe5ec47000 	C:\WINDOWS\System32\GDI32.dll
0x00007ffe5dff0000 - 0x00007ffe5e178000 	C:\WINDOWS\System32\gdi32full.dll
0x00007ffe5e180000 - 0x00007ffe5e21a000 	C:\WINDOWS\System32\msvcp_win.dll
0x00007ffe5d6d0000 - 0x00007ffe5d7c6000 	C:\WINDOWS\System32\ucrtbase.dll
0x00007ffe54540000 - 0x00007ffe547a7000 	C:\WINDOWS\WinSxS\amd64_microsoft.windows.common-controls_6595b64144ccf1df_6.0.15063.483_none_26002d27e7c744a2\COMCTL32.dll
0x00007ffe60c20000 - 0x00007ffe60f19000 	C:\WINDOWS\System32\combase.dll
0x00007ffe5e220000 - 0x00007ffe5e28a000 	C:\WINDOWS\System32\bcryptPrimitives.dll
0x00007ffe5ec50000 - 0x00007ffe5ec7d000 	C:\WINDOWS\System32\IMM32.DLL
0x0000000075bd0000 - 0x0000000075ca2000 	C:\Program Files\Java\jdk1.8.0_92\jre\bin\msvcr100.dll
0x0000000075330000 - 0x0000000075bc6000 	C:\Program Files\Java\jdk1.8.0_92\jre\bin\server\jvm.dll
0x00007ffe5ec10000 - 0x00007ffe5ec18000 	C:\WINDOWS\System32\PSAPI.DLL
0x00007ffe58bf0000 - 0x00007ffe58bf9000 	C:\WINDOWS\SYSTEM32\WSOCK32.dll
0x00007ffe5efc0000 - 0x00007ffe5f02c000 	C:\WINDOWS\System32\WS2_32.dll
0x00007ffe53420000 - 0x00007ffe53443000 	C:\WINDOWS\SYSTEM32\WINMM.dll
0x00007ffe55bd0000 - 0x00007ffe55bda000 	C:\WINDOWS\SYSTEM32\VERSION.dll
0x00007ffe53350000 - 0x00007ffe5337b000 	C:\WINDOWS\SYSTEM32\WINMMBASE.dll
0x00007ffe5d7d0000 - 0x00007ffe5d819000 	C:\WINDOWS\System32\cfgmgr32.dll
0x0000000075320000 - 0x000000007532f000 	C:\Program Files\Java\jdk1.8.0_92\jre\bin\verify.dll
0x00000000752f0000 - 0x0000000075319000 	C:\Program Files\Java\jdk1.8.0_92\jre\bin\java.dll
0x00000000752d0000 - 0x00000000752e6000 	C:\Program Files\Java\jdk1.8.0_92\jre\bin\zip.dll

VM Arguments:
jvm_args: -Djava.awt.headless=true -Xmx1024M -Dfile.encoding=windows-1252 -Duser.country=US -Duser.language=en -Duser.variant 
java_command: com.android.dx.command.Main --dex --num-threads=4 --output E:\Users\Hong\Documents\Biyee SciTech Inc\Video Technology\SeeEyes\Launcher\app\build\intermediates\pre-dexed\debug\classes_e5efa8945b3a0694f2406fb09c3f6a7b7d8b42db.jar E:\Users\Hong\.android\build-cache\53753c8392e5e84ae8d321161e61ac25367636fa\output\jars\classes.jar
java_class_path (initial): C:\Programs\android-sdk\build-tools\25.0.0\lib\dx.jar
Launcher Type: SUN_STANDARD

Environment Variables:
JAVA_HOME=C:\Program Files\Java\jdk1.8.0_92
USERNAME=Hong
OS=Windows_NT
PROCESSOR_IDENTIFIER=Intel64 Family 6 Model 58 Stepping 9, GenuineIntel



---------------  S Y S T E M  ---------------

OS: Windows 10.0 , 64 bit Build 15063 (10.0.15063.296)

CPU:total 4 (4 cores per cpu, 1 threads per core) family 6 model 58 stepping 9, cmov, cx8, fxsr, mmx, sse, sse2, sse3, ssse3, sse4.1, sse4.2, popcnt, avx, aes, clmul, erms, tsc, tscinvbit, tscinv

Memory: 4k page, physical 25108112k(7284180k free), swap 31252112k(5376k free)

vm_info: Java HotSpot(TM) 64-Bit Server VM (25.92-b14) for windows-amd64 JRE (1.8.0_92-b14), built on Mar 31 2016 21:03:04 by "java_re" with MS VC++ 10.0 (VS2010)

time: Sat Aug 12 22:05:12 2017
elapsed time: 0 seconds (0d 0h 0m 0s)

